<?xml version="1.0" encoding="UTF-8"?>
<testng-results skipped="0" failed="0" total="1" passed="1">
  <reporter-output>
  </reporter-output>
  <suite name="Suite" duration-ms="50891" started-at="2017-05-27T05:47:44Z" finished-at="2017-05-27T05:48:35Z">
    <groups>
      <group name="cucumber">
        <method signature="AbstractTestNGCucumberTests.feature(cucumber.api.testng.CucumberFeatureWrapper)[pri:0, instance:testcase.CucumberRunner@6f9a2170]" name="feature" class="cucumber.api.testng.AbstractTestNGCucumberTests"/>
      </group> <!-- cucumber -->
    </groups>
    <test name="Search" duration-ms="50891" started-at="2017-05-27T05:47:44Z" finished-at="2017-05-27T05:48:35Z">
      <class name="testcase.CucumberRunner">
        <test-method status="PASS" signature="setUp()[pri:0, instance:testcase.CucumberRunner@6f9a2170]" name="setUp" is-config="true" duration-ms="8382" started-at="2017-05-27T13:47:36Z" finished-at="2017-05-27T13:47:44Z">
          <reporter-output>
          </reporter-output>
        </test-method> <!-- setUp -->
        <test-method status="PASS" signature="setUpClass()[pri:0, instance:testcase.CucumberRunner@6f9a2170]" name="setUpClass" is-config="true" duration-ms="352" started-at="2017-05-27T13:47:44Z" finished-at="2017-05-27T13:47:45Z">
          <reporter-output>
          </reporter-output>
        </test-method> <!-- setUpClass -->
        <test-method status="PASS" signature="feature(cucumber.api.testng.CucumberFeatureWrapper)[pri:0, instance:testcase.CucumberRunner@6f9a2170]" name="feature" duration-ms="50359" started-at="2017-05-27T13:47:45Z" description="Runs Cucumber Feature" data-provider="features" finished-at="2017-05-27T13:48:35Z">
          <params>
            <param index="0">
              <value>
                <![CDATA[在百度中搜索]]>
              </value>
            </param>
          </params>
          <reporter-output>
          </reporter-output>
        </test-method> <!-- feature -->
        <test-method status="PASS" signature="tearDownClass()[pri:0, instance:testcase.CucumberRunner@6f9a2170]" name="tearDownClass" is-config="true" duration-ms="20" started-at="2017-05-27T13:48:35Z" finished-at="2017-05-27T13:48:35Z">
          <reporter-output>
          </reporter-output>
        </test-method> <!-- tearDownClass -->
        <test-method status="PASS" signature="quit()[pri:0, instance:testcase.CucumberRunner@6f9a2170]" name="quit" is-config="true" duration-ms="58" started-at="2017-05-27T13:48:35Z" finished-at="2017-05-27T13:48:35Z">
          <reporter-output>
          </reporter-output>
        </test-method> <!-- quit -->
      </class> <!-- testcase.CucumberRunner -->
    </test> <!-- Search -->
  </suite> <!-- Suite -->
</testng-results>
